#
# There is insufficient memory for the Java Runtime Environment to continue.
# Native memory allocation (mmap) failed to map 195035136 bytes. Error detail: G1 virtual space
# Possible reasons:
#   The system is out of physical RAM or swap space
#   This process is running with CompressedOops enabled, and the Java Heap may be blocking the growth of the native heap
# Possible solutions:
#   Reduce memory load on the system
#   Increase physical memory or swap space
#   Check if swap backing store is full
#   Decrease Java heap size (-Xmx/-Xms)
#   Decrease number of Java threads
#   Decrease Java thread stack sizes (-Xss)
#   Set larger code cache with -XX:ReservedCodeCacheSize=
#   JVM is running with Zero Based Compressed Oops mode in which the Java heap is
#     placed in the first 32GB address space. The Java Heap base address is the
#     maximum limit for the native heap growth. Please use -XX:HeapBaseMinAddress
#     to set the Java Heap base and to place the Java Heap above 32GB virtual address.
# This output file may be truncated or incomplete.
#
#  Out of Memory Error (os_windows.cpp:3898), pid=9916, tid=10668
#
# JRE version:  (21.0.7+9) (build )
# Java VM: OpenJDK 64-Bit Server VM (21.0.7+9-b895.130, mixed mode, sharing, tiered, compressed oops, compressed class ptrs, g1 gc, windows-amd64)
# No core dump will be written. Minidumps are not enabled by default on client versions of Windows
#

---------------  S U M M A R Y ------------

Command Line: git4idea.http.GitAskPassApp Username for 'https://github.com': 

Host: AMD Ryzen 3 2200U with Radeon Vega Mobile Gfx  , 4 cores, 11G,  Windows 10 , 64 bit Build 19041 (10.0.19041.5915)
Time: Mon Jul  7 07:24:59 2025 Pacific Daylight Time elapsed time: 0.018927 seconds (0d 0h 0m 0s)

---------------  T H R E A D  ---------------

Current thread (0x000001c328a73900):  JavaThread "Unknown thread" [_thread_in_vm, id=10668, stack(0x000000867e100000,0x000000867e200000) (1024K)]

Stack: [0x000000867e100000,0x000000867e200000]
Native frames: (J=compiled Java code, j=interpreted, Vv=VM code, C=native code)
V  [jvm.dll+0x6e6049]
V  [jvm.dll+0x8c4343]
V  [jvm.dll+0x8c689e]
V  [jvm.dll+0x8c6f83]
V  [jvm.dll+0x289266]
V  [jvm.dll+0x6e28c5]
V  [jvm.dll+0x6d634a]
V  [jvm.dll+0x36388b]
V  [jvm.dll+0x36b456]
V  [jvm.dll+0x3bd7e6]
V  [jvm.dll+0x3bdab8]
V  [jvm.dll+0x335fdc]
V  [jvm.dll+0x336ccb]
V  [jvm.dll+0x88b7a9]
V  [jvm.dll+0x3ca9b8]
V  [jvm.dll+0x8747f8]
V  [jvm.dll+0x45f3ce]
V  [jvm.dll+0x4610b1]
C  [jli.dll+0x52ab]
C  [ucrtbase.dll+0x21bb2]
C  [KERNEL32.DLL+0x17374]
C  [ntdll.dll+0x4cc91]


---------------  P R O C E S S  ---------------

Threads class SMR info:
_java_thread_list=0x00007ffc2509b148, length=0, elements={
}

Java Threads: ( => current thread )
Total: 0

Other Threads:
  0x000001c328abef90 WorkerThread "GC Thread#0"                     [id=11424, stack(0x000000867e200000,0x000000867e300000) (1024K)]
  0x000001c328acb750 ConcurrentGCThread "G1 Main Marker"            [id=11076, stack(0x000000867e300000,0x000000867e400000) (1024K)]
  0x000001c328acc160 WorkerThread "G1 Conc#0"                       [id=10984, stack(0x000000867e400000,0x000000867e500000) (1024K)]

[error occurred during error reporting (printing all threads), id 0xc0000005, EXCEPTION_ACCESS_VIOLATION (0xc0000005) at pc=0x00007ffc247890b7]
VM state: not at safepoint (not fully initialized)

VM Mutex/Monitor currently owned by a thread:  ([mutex/lock_event])
[0x00007ffc2510fab8] Heap_lock - owner thread: 0x000001c328a73900

Heap address: 0x0000000747200000, size: 2958 MB, Compressed Oops mode: Zero based, Oop shift amount: 3

CDS archive(s) mapped at: [0x0000000000000000-0x0000000000000000-0x0000000000000000), size 0, SharedBaseAddress: 0x0000000800000000, ArchiveRelocationMode: 1.
Narrow klass base: 0x0000000000000000, Narrow klass shift: 0, Narrow klass range: 0x0

GC Precious Log:
 CardTable entry size: 512
 Card Set container configuration: InlinePtr #cards 4 size 8 Array Of Cards #cards 16 size 48 Howl #buckets 8 coarsen threshold 3686 Howl Bitmap #cards 512 size 80 coarsen threshold 460 Card regions per heap region 1 cards per card region 4096

Heap:
 garbage-first heap   total 0K, used 0K [0x0000000747200000, 0x0000000800000000)
  region size 2048K, 0 young (0K), 0 survivors (0K)
 Metaspace       used 0K, committed 0K, reserved 0K
  class space    used 0K, committed 0K, reserved 0K

Heap Regions: E=young(eden), S=young(survivor), O=old, HS=humongous(starts), HC=humongous(continues), CS=collection set, F=free, TAMS=top-at-mark-start, PB=parsable bottom

Card table byte_map: [0x000001c33c090000,0x000001c33c660000] _byte_map_base: 0x000001c338657000

Marking Bits: (CMBitMap*) 0x000001c328abf5a0
 Bits: [0x000001c33c660000, 0x000001c33f498000)

GC Heap History (0 events):
No events

Dll operation events (1 events):
Event: 0.011 Loaded shared library C:\Program Files\JetBrains\JetBrains Rider 2025.1.4\jbr\bin\java.dll

Deoptimization events (0 events):
No events

Classes loaded (0 events):
No events

Classes unloaded (0 events):
No events

Classes redefined (0 events):
No events

Internal exceptions (0 events):
No events

ZGC Phase Switch (0 events):
No events

VM Operations (0 events):
No events

Memory protections (0 events):
No events

Nmethod flushes (0 events):
No events

Events (0 events):
No events


Dynamic libraries:
0x00007ff6cfd20000 - 0x00007ff6cfd2a000 	C:\Program Files\JetBrains\JetBrains Rider 2025.1.4\jbr\bin\java.exe
0x00007ffc5b0b0000 - 0x00007ffc5b2a8000 	C:\Windows\SYSTEM32\ntdll.dll
0x00007ffc59e70000 - 0x00007ffc59f32000 	C:\Windows\System32\KERNEL32.DLL
0x00007ffc58c70000 - 0x00007ffc58f66000 	C:\Windows\System32\KERNELBASE.dll
0x00007ffc58740000 - 0x00007ffc58840000 	C:\Windows\System32\ucrtbase.dll
0x00007ffc4e9a0000 - 0x00007ffc4e9bb000 	C:\Program Files\JetBrains\JetBrains Rider 2025.1.4\jbr\bin\VCRUNTIME140.dll
0x00007ffc3bf30000 - 0x00007ffc3bf48000 	C:\Program Files\JetBrains\JetBrains Rider 2025.1.4\jbr\bin\jli.dll
0x00007ffc5acc0000 - 0x00007ffc5ae5d000 	C:\Windows\System32\USER32.dll
0x00007ffc58c40000 - 0x00007ffc58c62000 	C:\Windows\System32\win32u.dll
0x00007ffc59990000 - 0x00007ffc599bb000 	C:\Windows\System32\GDI32.dll
0x00007ffc589c0000 - 0x00007ffc58ad9000 	C:\Windows\System32\gdi32full.dll
0x00007ffc4a0d0000 - 0x00007ffc4a36a000 	C:\Windows\WinSxS\amd64_microsoft.windows.common-controls_6595b64144ccf1df_6.0.19041.5915_none_60b4b9d171f9c7c7\COMCTL32.dll
0x00007ffc5a810000 - 0x00007ffc5a8ae000 	C:\Windows\System32\msvcrt.dll
0x00007ffc58840000 - 0x00007ffc588dd000 	C:\Windows\System32\msvcp_win.dll
0x00007ffc5aa30000 - 0x00007ffc5aa5f000 	C:\Windows\System32\IMM32.DLL
0x00007ffc4e990000 - 0x00007ffc4e99c000 	C:\Program Files\JetBrains\JetBrains Rider 2025.1.4\jbr\bin\vcruntime140_1.dll
0x00007ffc2f100000 - 0x00007ffc2f18d000 	C:\Program Files\JetBrains\JetBrains Rider 2025.1.4\jbr\bin\msvcp140.dll
0x00007ffc24440000 - 0x00007ffc25201000 	C:\Program Files\JetBrains\JetBrains Rider 2025.1.4\jbr\bin\server\jvm.dll
0x00007ffc59b90000 - 0x00007ffc59c41000 	C:\Windows\System32\ADVAPI32.dll
0x00007ffc599c0000 - 0x00007ffc59a5f000 	C:\Windows\System32\sechost.dll
0x00007ffc59a60000 - 0x00007ffc59b83000 	C:\Windows\System32\RPCRT4.dll
0x00007ffc588e0000 - 0x00007ffc58907000 	C:\Windows\System32\bcrypt.dll
0x00007ffc5a2c0000 - 0x00007ffc5a32b000 	C:\Windows\System32\WS2_32.dll
0x00007ffc585a0000 - 0x00007ffc585eb000 	C:\Windows\SYSTEM32\POWRPROF.dll
0x00007ffc4f5a0000 - 0x00007ffc4f5c7000 	C:\Windows\SYSTEM32\WINMM.dll
0x00007ffc4f590000 - 0x00007ffc4f59a000 	C:\Windows\SYSTEM32\VERSION.dll
0x00007ffc58580000 - 0x00007ffc58592000 	C:\Windows\SYSTEM32\UMPDC.dll
0x00007ffc565c0000 - 0x00007ffc565d2000 	C:\Windows\SYSTEM32\kernel.appcore.dll
0x00007ffc4e980000 - 0x00007ffc4e98a000 	C:\Program Files\JetBrains\JetBrains Rider 2025.1.4\jbr\bin\jimage.dll
0x00007ffc4f150000 - 0x00007ffc4f351000 	C:\Windows\SYSTEM32\DBGHELP.DLL
0x00007ffc40400000 - 0x00007ffc40434000 	C:\Windows\SYSTEM32\dbgcore.DLL
0x00007ffc58f70000 - 0x00007ffc58ff2000 	C:\Windows\System32\bcryptPrimitives.dll
0x00007ffc3f360000 - 0x00007ffc3f380000 	C:\Program Files\JetBrains\JetBrains Rider 2025.1.4\jbr\bin\java.dll

dbghelp: loaded successfully - version: 4.0.5 - missing functions: none
symbol engine: initialized successfully - sym options: 0x614 - pdb path: .;C:\Program Files\JetBrains\JetBrains Rider 2025.1.4\jbr\bin;C:\Windows\SYSTEM32;C:\Windows\WinSxS\amd64_microsoft.windows.common-controls_6595b64144ccf1df_6.0.19041.5915_none_60b4b9d171f9c7c7;C:\Program Files\JetBrains\JetBrains Rider 2025.1.4\jbr\bin\server

VM Arguments:
java_command: git4idea.http.GitAskPassApp Username for 'https://github.com': 
java_class_path (initial): C:/Program Files/JetBrains/JetBrains Rider 2025.1.4/plugins/vcs-git/lib/git4idea-rt.jar;C:/Program Files/JetBrains/JetBrains Rider 2025.1.4/lib/externalProcess-rt.jar
Launcher Type: SUN_STANDARD

[Global flags]
     intx CICompilerCount                          = 3                                         {product} {ergonomic}
     uint ConcGCThreads                            = 1                                         {product} {ergonomic}
     uint G1ConcRefinementThreads                  = 4                                         {product} {ergonomic}
   size_t G1HeapRegionSize                         = 2097152                                   {product} {ergonomic}
    uintx GCDrainStackTargetSize                   = 64                                        {product} {ergonomic}
   size_t InitialHeapSize                          = 195035136                                 {product} {ergonomic}
   size_t MarkStackSize                            = 4194304                                   {product} {ergonomic}
   size_t MaxHeapSize                              = 3101687808                                {product} {ergonomic}
   size_t MinHeapDeltaBytes                        = 2097152                                   {product} {ergonomic}
   size_t MinHeapSize                              = 8388608                                   {product} {ergonomic}
    uintx NonNMethodCodeHeapSize                   = 5832780                                {pd product} {ergonomic}
    uintx NonProfiledCodeHeapSize                  = 122912730                              {pd product} {ergonomic}
    uintx ProfiledCodeHeapSize                     = 122912730                              {pd product} {ergonomic}
    uintx ReservedCodeCacheSize                    = 251658240                              {pd product} {ergonomic}
     bool SegmentedCodeCache                       = true                                      {product} {ergonomic}
   size_t SoftMaxHeapSize                          = 3101687808                             {manageable} {ergonomic}
     bool UseCompressedOops                        = true                           {product lp64_product} {ergonomic}
     bool UseG1GC                                  = true                                      {product} {ergonomic}
     bool UseLargePagesIndividualAllocation        = false                                  {pd product} {ergonomic}

Logging:
Log output configuration:
 #0: stdout all=warning uptime,level,tags foldmultilines=false
 #1: stderr all=off uptime,level,tags foldmultilines=false

Environment Variables:
PATH=C:\Program Files\Git\mingw64\libexec\git-core;C:\Program Files\Git\mingw64\libexec\git-core;C:\Program Files\Git\mingw64\bin;C:\Program Files\Git\usr\bin;C:\Users\kidak\bin;C:\Program Files (x86)\Embarcadero\Studio\22.0\bin;C:\Users\Public\Documents\Embarcadero\Studio\22.0\Bpl;C:\Program Files (x86)\Embarcadero\Studio\22.0\bin64;C:\Users\Public\Documents\Embarcadero\Studio\22.0\Bpl\Win64;C:\Windows\system32;C:\Windows;C:\Windows\System32\Wbem;C:\Windows\System32\WindowsPowerShell\v1.0;C:\Windows\System32\OpenSSH;C:\Program Files\Git\cmd;C:\msys64\ucrt64\bin;C:\Users\kidak\AppData\Local\Programs\Python\Python312;C:\Users\kidak\AppData\Local\Programs\Python\Python312\Scripts;C:\NuGet;C:\Program Files\nodejs;C:\Program Files\Microsoft SQL Server\150\Tools\Binn;C:\Users\kidak\scoop\shims;C:\Users\kidak\AppData\Local\Programs\Python\Launcher;C:\Users\kidak\AppData\Local\Microsoft\WindowsApps;C:\Users\kidak\AppData\Local\Programs\Microsoft VS Code\bin;C:\Users\kidak\AppData\Roaming\npm
USERNAME=kidak
DISPLAY=:0.0
LC_ALL=en_US.UTF-8
TERM=xterm-256color
TMPDIR=C:\Users\kidak\AppData\Local\Temp
OS=Windows_NT
PROCESSOR_IDENTIFIER=AMD64 Family 23 Model 17 Stepping 0, AuthenticAMD
TMP=C:\Users\kidak\AppData\Local\Temp
TEMP=C:\Users\kidak\AppData\Local\Temp




Periodic native trim disabled

JNI global refs:
JNI global refs: 0, weak refs: 0

JNI global refs memory usage: 0, weak refs: 0

Process memory usage:
Resident Set Size: 10744K (0% of 12114508K total physical memory with 2040256K free physical memory)

OOME stack traces (most recent first):
Classloader memory used:

---------------  S Y S T E M  ---------------

OS:
 Windows 10 , 64 bit Build 19041 (10.0.19041.5915)
OS uptime: 2 days 5:39 hours

CPU: total 4 (initial active 4) (4 cores per cpu, 2 threads per core) family 23 model 17 stepping 0 microcode 0x0, cx8, cmov, fxsr, ht, mmx, 3dnowpref, sse, sse2, sse3, ssse3, sse4a, sse4.1, sse4.2, popcnt, lzcnt, tsc, tscinvbit, avx, avx2, aes, clmul, bmi1, bmi2, adx, sha, fma, vzeroupper, clflush, clflushopt, rdtscp, f16c
Processor Information for the first 4 processors :
  Max Mhz: 2500, Current Mhz: 2500, Mhz Limit: 2500

Memory: 4k page, system-wide physical 11830M (1992M free)
TotalPageFile size 11830M (AvailPageFile size 86M)
current process WorkingSet (physical memory assigned to process): 10M, peak: 10M
current process commit charge ("private bytes"): 51M, peak: 237M

vm_info: OpenJDK 64-Bit Server VM (21.0.7+9-b895.130) for windows-amd64 JRE (21.0.7+9-b895.130), built on 2025-05-13 by "builduser" with MS VC++ 16.10 / 16.11 (VS2019)

END.
