Unity Editor version:    2022.3.61f1 (6c53ebaf375d)
Branch:                  2022.3/release
Build type:              Release
Batch mode:              YES
System name:             Linux
Distro version:          #26~24.04.1-Ubuntu SMP PREEMPT_DYNAMIC Thu Apr 17 19:20:47 UTC 2
Kernel version:          6.11.0-26-generic
Architecture:            x86_64
Window Protocol:         Wayland (XWayland)
Available memory:        11507 MB
[Licensing::Module] Trying to connect to existing licensing client channel...
[Licensing::IpcConnector] Successfully connected to: "LicenseClient-keith" at "2025-06-19T10:31:56.122654Z"
[SignatureVerifier] Application signature verification not supported on this platform.
[Licensing::Client] Handshaking with LicensingClient:
  Version:                 1.17.0+aa6cfba
  Session Id:              11faf47090bd4f868ac7b37ec2311b95
  Correlation Id:          114a206ea833e0d1fd3af97e8dc690ca
  External correlation Id: 606009688041105167
  Machine Id:              1LV05IdEOkTstGXdzQv+6NKuQA8=
[Licensing::Module] Successfully connected to LicensingClient on channel: "LicenseClient-keith" (connect: 0.00s, validation: 0.01s, handshake: 0.00s)
[Licensing::IpcConnector] Successfully connected to: "LicenseClient-keith-notifications" at "2025-06-19T10:31:56.133929Z"
[Licensing::Module] Error: Access token is unavailable; failed to update
[Licensing::Client] Successfully updated license
[Licensing::Client] Successfully resolved entitlement details
[Licensing::Module] Serial number assigned to: "F4-RRVG-6DEV-RBPW-DXAK-XXXX"
[Licensing::Module] Serial number assigned to: "11270254292853-UnityPersXXXX"
Pro License: NO
Initialize udev device monitor.
[Licensing::Client] Successfully resolved entitlement details
[Licensing::Module] Serial number assigned to: "F4-RRVG-6DEV-RBPW-DXAK-XXXX"
[Licensing::Module] Serial number assigned to: "11270254292853-UnityPersXXXX"

COMMAND LINE ARGUMENTS:
/home/keith/Unity/Hub/Editor/2022.3.61f1/Editor/Unity
-batchmode
-nographics
-quit
-projectPath
/home/keith/Pokemon Luminary
-buildTarget
WebGL
-executeMethod
WebGlBuilder.BuildGame
-logFile
build.log
Successfully changed project path to: /home/keith/Pokemon Luminary
/home/keith/Pokemon Luminary
[UnityMemory] Configuration Parameters - Can be set up in boot.config
    "memorysetup-bucket-allocator-granularity=16"
    "memorysetup-bucket-allocator-bucket-count=8"
    "memorysetup-bucket-allocator-block-size=33554432"
    "memorysetup-bucket-allocator-block-count=8"
    "memorysetup-main-allocator-block-size=16777216"
    "memorysetup-thread-allocator-block-size=16777216"
    "memorysetup-gfx-main-allocator-block-size=16777216"
    "memorysetup-gfx-thread-allocator-block-size=16777216"
    "memorysetup-cache-allocator-block-size=4194304"
    "memorysetup-typetree-allocator-block-size=2097152"
    "memorysetup-profiler-bucket-allocator-granularity=16"
    "memorysetup-profiler-bucket-allocator-bucket-count=8"
    "memorysetup-profiler-bucket-allocator-block-size=33554432"
    "memorysetup-profiler-bucket-allocator-block-count=8"
    "memorysetup-profiler-allocator-block-size=16777216"
    "memorysetup-profiler-editor-allocator-block-size=1048576"
    "memorysetup-temp-allocator-size-main=16777216"
    "memorysetup-job-temp-allocator-block-size=2097152"
    "memorysetup-job-temp-allocator-block-size-background=1048576"
    "memorysetup-job-temp-allocator-reduction-small-platforms=262144"
    "memorysetup-allocator-temp-initial-block-size-main=262144"
    "memorysetup-allocator-temp-initial-block-size-worker=262144"
    "memorysetup-temp-allocator-size-background-worker=32768"
    "memorysetup-temp-allocator-size-job-worker=262144"
    "memorysetup-temp-allocator-size-preload-manager=33554432"
    "memorysetup-temp-allocator-size-nav-mesh-worker=65536"
    "memorysetup-temp-allocator-size-audio-worker=65536"
    "memorysetup-temp-allocator-size-cloud-worker=32768"
    "memorysetup-temp-allocator-size-gi-baking-worker=262144"
    "memorysetup-temp-allocator-size-gfx=262144"
Player connection [130745074652160]  Target information:

Player connection [130745074652160]  * "[IP] 10.0.0.106 [Port] 55504 [Flags] 2 [Guid] 470056634 [EditorId] 470056634 [Version] 1048832 [Id] LinuxEditor(16,10.0.0.106) [Debug] 1 [PackageName] LinuxEditor [ProjectName] Editor" 

Player connection [130745074652160]  * "[IP] 192.168.122.1 [Port] 55504 [Flags] 2 [Guid] 470056634 [EditorId] 470056634 [Version] 1048832 [Id] LinuxEditor(16,10.0.0.106) [Debug] 1 [PackageName] LinuxEditor [ProjectName] Editor" 

Player connection [130745074652160] Host joined multi-casting on [225.0.0.222:54997]...
Player connection [130745074652160] Host joined alternative multi-casting on [225.0.0.222:34997]...
Input System module state changed to: Initialized.
[PhysX] Initialized MultithreadedTaskDispatcher with 4 workers.
[Package Manager] UpmClient::Connect -- Connected to IPC stream "Upm-12348" after 0.4 seconds.
[Package Manager] Restoring resolved packages state from cache
[Licensing::Client] Successfully resolved entitlement details
[Package Manager] Registered 54 packages:
  Packages from [https://packages.unity.com]:
    com.unity.collab-proxy@2.7.1 (location: /home/keith/Pokemon Luminary/Library/PackageCache/com.unity.collab-proxy@2.7.1)
    com.unity.ide.rider@3.0.36 (location: /home/keith/Pokemon Luminary/Library/PackageCache/com.unity.ide.rider@3.0.36)
    com.unity.ide.visualstudio@2.0.22 (location: /home/keith/Pokemon Luminary/Library/PackageCache/com.unity.ide.visualstudio@2.0.22)
    com.unity.test-framework@1.1.33 (location: /home/keith/Pokemon Luminary/Library/PackageCache/com.unity.test-framework@1.1.33)
    com.unity.textmeshpro@3.0.7 (location: /home/keith/Pokemon Luminary/Library/PackageCache/com.unity.textmeshpro@3.0.7)
    com.unity.timeline@1.7.7 (location: /home/keith/Pokemon Luminary/Library/PackageCache/com.unity.timeline@1.7.7)
    com.unity.visualscripting@1.9.4 (location: /home/keith/Pokemon Luminary/Library/PackageCache/com.unity.visualscripting@1.9.4)
    com.unity.ext.nunit@1.0.6 (location: /home/keith/Pokemon Luminary/Library/PackageCache/com.unity.ext.nunit@1.0.6)
    com.unity.2d.animation@9.2.0 (location: /home/keith/Pokemon Luminary/Library/PackageCache/com.unity.2d.animation@9.2.0)
    com.unity.2d.pixel-perfect@5.1.0 (location: /home/keith/Pokemon Luminary/Library/PackageCache/com.unity.2d.pixel-perfect@5.1.0)
    com.unity.2d.psdimporter@8.1.0 (location: /home/keith/Pokemon Luminary/Library/PackageCache/com.unity.2d.psdimporter@8.1.0)
    com.unity.2d.spriteshape@9.1.0 (location: /home/keith/Pokemon Luminary/Library/PackageCache/com.unity.2d.spriteshape@9.1.0)
    com.unity.2d.tilemap.extras@3.1.3 (location: /home/keith/Pokemon Luminary/Library/PackageCache/com.unity.2d.tilemap.extras@3.1.3)
    com.unity.2d.aseprite@1.1.8 (location: /home/keith/Pokemon Luminary/Library/PackageCache/com.unity.2d.aseprite@1.1.8)
    com.unity.2d.common@8.1.0 (location: /home/keith/Pokemon Luminary/Library/PackageCache/com.unity.2d.common@8.1.0)
    com.unity.mathematics@1.2.6 (location: /home/keith/Pokemon Luminary/Library/PackageCache/com.unity.mathematics@1.2.6)
    com.unity.collections@1.2.4 (location: /home/keith/Pokemon Luminary/Library/PackageCache/com.unity.collections@1.2.4)
    com.unity.burst@1.8.19 (location: /home/keith/Pokemon Luminary/Library/PackageCache/com.unity.burst@1.8.19)
  Built-in packages:
    com.unity.feature.2d@2.0.1 (location: /home/keith/Pokemon Luminary/Library/PackageCache/com.unity.feature.2d@2.0.1)
    com.unity.ugui@1.0.0 (location: /home/keith/Pokemon Luminary/Library/PackageCache/com.unity.ugui@1.0.0)
    com.unity.modules.ai@1.0.0 (location: /home/keith/Pokemon Luminary/Library/PackageCache/com.unity.modules.ai@1.0.0)
    com.unity.modules.androidjni@1.0.0 (location: /home/keith/Pokemon Luminary/Library/PackageCache/com.unity.modules.androidjni@1.0.0)
    com.unity.modules.animation@1.0.0 (location: /home/keith/Pokemon Luminary/Library/PackageCache/com.unity.modules.animation@1.0.0)
    com.unity.modules.assetbundle@1.0.0 (location: /home/keith/Pokemon Luminary/Library/PackageCache/com.unity.modules.assetbundle@1.0.0)
    com.unity.modules.audio@1.0.0 (location: /home/keith/Pokemon Luminary/Library/PackageCache/com.unity.modules.audio@1.0.0)
    com.unity.modules.cloth@1.0.0 (location: /home/keith/Pokemon Luminary/Library/PackageCache/com.unity.modules.cloth@1.0.0)
    com.unity.modules.director@1.0.0 (location: /home/keith/Pokemon Luminary/Library/PackageCache/com.unity.modules.director@1.0.0)
    com.unity.modules.imageconversion@1.0.0 (location: /home/keith/Pokemon Luminary/Library/PackageCache/com.unity.modules.imageconversion@1.0.0)
    com.unity.modules.imgui@1.0.0 (location: /home/keith/Pokemon Luminary/Library/PackageCache/com.unity.modules.imgui@1.0.0)
    com.unity.modules.jsonserialize@1.0.0 (location: /home/keith/Pokemon Luminary/Library/PackageCache/com.unity.modules.jsonserialize@1.0.0)
    com.unity.modules.particlesystem@1.0.0 (location: /home/keith/Pokemon Luminary/Library/PackageCache/com.unity.modules.particlesystem@1.0.0)
    com.unity.modules.physics@1.0.0 (location: /home/keith/Pokemon Luminary/Library/PackageCache/com.unity.modules.physics@1.0.0)
    com.unity.modules.physics2d@1.0.0 (location: /home/keith/Pokemon Luminary/Library/PackageCache/com.unity.modules.physics2d@1.0.0)
    com.unity.modules.screencapture@1.0.0 (location: /home/keith/Pokemon Luminary/Library/PackageCache/com.unity.modules.screencapture@1.0.0)
    com.unity.modules.terrain@1.0.0 (location: /home/keith/Pokemon Luminary/Library/PackageCache/com.unity.modules.terrain@1.0.0)
    com.unity.modules.terrainphysics@1.0.0 (location: /home/keith/Pokemon Luminary/Library/PackageCache/com.unity.modules.terrainphysics@1.0.0)
    com.unity.modules.tilemap@1.0.0 (location: /home/keith/Pokemon Luminary/Library/PackageCache/com.unity.modules.tilemap@1.0.0)
    com.unity.modules.ui@1.0.0 (location: /home/keith/Pokemon Luminary/Library/PackageCache/com.unity.modules.ui@1.0.0)
    com.unity.modules.uielements@1.0.0 (location: /home/keith/Pokemon Luminary/Library/PackageCache/com.unity.modules.uielements@1.0.0)
    com.unity.modules.umbra@1.0.0 (location: /home/keith/Pokemon Luminary/Library/PackageCache/com.unity.modules.umbra@1.0.0)
    com.unity.modules.unityanalytics@1.0.0 (location: /home/keith/Pokemon Luminary/Library/PackageCache/com.unity.modules.unityanalytics@1.0.0)
    com.unity.modules.unitywebrequest@1.0.0 (location: /home/keith/Pokemon Luminary/Library/PackageCache/com.unity.modules.unitywebrequest@1.0.0)
    com.unity.modules.unitywebrequestassetbundle@1.0.0 (location: /home/keith/Pokemon Luminary/Library/PackageCache/com.unity.modules.unitywebrequestassetbundle@1.0.0)
    com.unity.modules.unitywebrequestaudio@1.0.0 (location: /home/keith/Pokemon Luminary/Library/PackageCache/com.unity.modules.unitywebrequestaudio@1.0.0)
    com.unity.modules.unitywebrequesttexture@1.0.0 (location: /home/keith/Pokemon Luminary/Library/PackageCache/com.unity.modules.unitywebrequesttexture@1.0.0)
    com.unity.modules.unitywebrequestwww@1.0.0 (location: /home/keith/Pokemon Luminary/Library/PackageCache/com.unity.modules.unitywebrequestwww@1.0.0)
    com.unity.modules.vehicles@1.0.0 (location: /home/keith/Pokemon Luminary/Library/PackageCache/com.unity.modules.vehicles@1.0.0)
    com.unity.modules.video@1.0.0 (location: /home/keith/Pokemon Luminary/Library/PackageCache/com.unity.modules.video@1.0.0)
    com.unity.modules.vr@1.0.0 (location: /home/keith/Pokemon Luminary/Library/PackageCache/com.unity.modules.vr@1.0.0)
    com.unity.modules.wind@1.0.0 (location: /home/keith/Pokemon Luminary/Library/PackageCache/com.unity.modules.wind@1.0.0)
    com.unity.modules.xr@1.0.0 (location: /home/keith/Pokemon Luminary/Library/PackageCache/com.unity.modules.xr@1.0.0)
    com.unity.modules.subsystems@1.0.0 (location: /home/keith/Pokemon Luminary/Library/PackageCache/com.unity.modules.subsystems@1.0.0)
    com.unity.2d.sprite@1.0.0 (location: /home/keith/Pokemon Luminary/Library/PackageCache/com.unity.2d.sprite@1.0.0)
    com.unity.2d.tilemap@1.0.0 (location: /home/keith/Pokemon Luminary/Library/PackageCache/com.unity.2d.tilemap@1.0.0)
[Subsystems] No new subsystems found in resolved package list.
Package Manager log level set to [2]
[Package Manager] Done registering packages in 0.13 seconds
Targeting platform: WebGL
Refreshing native plugins compatible for Editor in 6.15 ms, found 1 plugins.
Preloading 0 native plugins for Editor in 0.00 ms.
Initialize engine version: 2022.3.61f1 (6c53ebaf375d)
[Subsystems] Discovering subsystems at path /home/keith/Unity/Hub/Editor/2022.3.61f1/Editor/Data/Resources/UnitySubsystems
[Subsystems] Discovering subsystems at path /home/keith/Pokemon Luminary/Assets
Forcing GfxDevice: Null
GfxDevice: creating device client; threaded=0; jobified=0
NullGfxDevice:
    Version:  NULL 1.0 [1.0]
    Renderer: Null Device
    Vendor:   Unity Technologies
[Licensing::Client] Successfully resolved entitlement details
[Licensing::Module] Serial number assigned to: "F4-RRVG-6DEV-RBPW-DXAK-XXXX"
[Licensing::Module] Serial number assigned to: "11270254292853-UnityPersXXXX"
Initialize mono
Mono path[0] = '/home/keith/Unity/Hub/Editor/2022.3.61f1/Editor/Data/Managed'
Mono path[1] = '/home/keith/Unity/Hub/Editor/2022.3.61f1/Editor/Data/MonoBleedingEdge/lib/mono/unityjit-linux'
Mono config path = '/home/keith/Unity/Hub/Editor/2022.3.61f1/Editor/Data/MonoBleedingEdge/etc'
Using monoOptions --debugger-agent=transport=dt_socket,embedding=1,server=y,suspend=n,address=127.0.0.1:56348
Using cacheserver namespaces - metadata:defaultmetadata, artifacts:defaultartifacts
Using cacheserver namespaces - metadata:defaultmetadata, artifacts:defaultartifacts
ImportWorker Server TCP listen port: 0
Begin MonoManager ReloadAssembly
Registering precompiled unity dll's ...
Register platform support module: /home/keith/Unity/Hub/Editor/2022.3.61f1/Editor/Data/PlaybackEngines/WebGLSupport/UnityEditor.WebGL.Extensions.dll
Register platform support module: /home/keith/Unity/Hub/Editor/2022.3.61f1/Editor/Data/PlaybackEngines/LinuxStandaloneSupport/UnityEditor.LinuxStandalone.Extensions.dll
Registered in 0.014352 seconds.
- Loaded All Assemblies, in  0.485 seconds
Native extension for LinuxStandalone target not found
Native extension for WebGL target not found
Mono: successfully reloaded assembly
- Finished resetting the current domain, in  0.432 seconds
Domain Reload Profiling: 917ms
	BeginReloadAssembly (111ms)
		ExecutionOrderSort (0ms)
		DisableScriptedObjects (0ms)
		BackupInstance (0ms)
		ReleaseScriptingObjects (0ms)
		CreateAndSetChildDomain (1ms)
	RebuildCommonClasses (55ms)
	RebuildNativeTypeToScriptingClass (11ms)
	initialDomainReloadingComplete (95ms)
	LoadAllAssembliesAndSetupDomain (212ms)
		LoadAssemblies (109ms)
		RebuildTransferFunctionScriptingTraits (0ms)
		AnalyzeDomain (210ms)
			TypeCache.Refresh (208ms)
				TypeCache.ScanAssembly (190ms)
			ScanForSourceGeneratedMonoScriptInfo (0ms)
			ResolveRequiredComponents (1ms)
	FinalizeReload (432ms)
		ReleaseScriptCaches (0ms)
		RebuildScriptCaches (0ms)
		SetupLoadedEditorAssemblies (358ms)
			LogAssemblyErrors (0ms)
			InitializePlatformSupportModulesInManaged (15ms)
			SetLoadedEditorAssemblies (8ms)
			RefreshPlugins (0ms)
			BeforeProcessingInitializeOnLoad (3ms)
			ProcessInitializeOnLoadAttributes (257ms)
			ProcessInitializeOnLoadMethodAttributes (75ms)
			AfterProcessingInitializeOnLoad (0ms)
			EditorAssembliesLoaded (0ms)
		ExecutionOrderSort2 (0ms)
		AwakeInstancesAfterBackupRestoration (0ms)
[Licensing::Client] Successfully resolved entitlement details
[Licensing::Module] Serial number assigned to: "F4-RRVG-6DEV-RBPW-DXAK-XXXX"
[Licensing::Module] Serial number assigned to: "11270254292853-UnityPersXXXX"
Application.AssetDatabase Initial Refresh Start
[40m[32minfo[39m[22m[49m: Microsoft.Hosting.Lifetime[14]
      Now listening on: http://unix:/tmp/ilpp.sock-adfbbef2f936a48ee65e2283de11a5b1
[40m[32minfo[39m[22m[49m: Microsoft.Hosting.Lifetime[0]
      Application started. Press Ctrl+C to shut down.
[40m[32minfo[39m[22m[49m: Microsoft.Hosting.Lifetime[0]
      Hosting environment: Production
[40m[32minfo[39m[22m[49m: Microsoft.Hosting.Lifetime[0]
      Content root path: /home/keith/Pokemon Luminary/
[40m[32minfo[39m[22m[49m: Microsoft.AspNetCore.Hosting.Diagnostics[1]
      Request starting HTTP/2 POST http://ilpp/UnityILPP.PostProcessing/Ping application/grpc -
[40m[32minfo[39m[22m[49m: Microsoft.AspNetCore.Routing.EndpointMiddleware[0]
      Executing endpoint 'gRPC - /UnityILPP.PostProcessing/Ping'
[40m[32minfo[39m[22m[49m: Microsoft.AspNetCore.Routing.EndpointMiddleware[1]
      Executed endpoint 'gRPC - /UnityILPP.PostProcessing/Ping'
[40m[32minfo[39m[22m[49m: Microsoft.AspNetCore.Hosting.Diagnostics[2]
      Request finished HTTP/2 POST http://ilpp/UnityILPP.PostProcessing/Ping application/grpc - - 200 - application/grpc 81.3915ms
Starting: /home/keith/Unity/Hub/Editor/2022.3.61f1/Editor/Data/bee_backend --dont-print-to-structured-log --ipc --defer-dag-verification --dagfile="Library/Bee/2000b0aE.dag" --continue-on-failure --profile="Library/Bee/backend1.traceevents" ScriptAssemblies
WorkingDir: /home/keith/Pokemon Luminary
[40m[32minfo[39m[22m[49m: Microsoft.AspNetCore.Hosting.Diagnostics[1]
      Request starting HTTP/2 POST http://ilpp/UnityILPP.PostProcessing/ConfigurePostProcessors application/grpc -
[40m[32minfo[39m[22m[49m: Microsoft.AspNetCore.Routing.EndpointMiddleware[0]
      Executing endpoint 'gRPC - /UnityILPP.PostProcessing/ConfigurePostProcessors'
[40m[1m[33mwarn[39m[22m[49m: Unity.ILPP.Runner.PostProcessingAssemblyLoadContext[0]
      Assembly system.runtime.interopservices.windowsruntime has duplicate hint path. Ignoring "/home/keith/Unity/Hub/Editor/2022.3.61f1/Editor/Data/UnityReferenceAssemblies/unity-4.8-api/Facades/System.Runtime.InteropServices.WindowsRuntime.dll" in favor of "/home/keith/Unity/Hub/Editor/2022.3.61f1/Editor/Data/NetStandard/Extensions/2.0.0/System.Runtime.InteropServices.WindowsRuntime.dll"
[40m[1m[33mwarn[39m[22m[49m: Unity.ILPP.Runner.PostProcessingAssemblyLoadContext[0]
      Assembly system.componentmodel.composition has duplicate hint path. Ignoring "/home/keith/Unity/Hub/Editor/2022.3.61f1/Editor/Data/UnityReferenceAssemblies/unity-4.8-api/System.ComponentModel.Composition.dll" in favor of "/home/keith/Unity/Hub/Editor/2022.3.61f1/Editor/Data/NetStandard/compat/2.1.0/shims/netfx/System.ComponentModel.Composition.dll"
[40m[32minfo[39m[22m[49m: Unity.ILPP.Runner.PostProcessingAssemblyLoadContext[0]
      Resolved Unity.Burst.Cecil, Version=0.11.4.0, Culture=neutral, PublicKeyToken=50cebf1cceb9d05e with Library/PackageCache/com.unity.burst@1.8.19/Unity.Burst.CodeGen/Unity.Burst.Cecil.dll
[40m[32minfo[39m[22m[49m: Microsoft.AspNetCore.Routing.EndpointMiddleware[1]
      Executed endpoint 'gRPC - /UnityILPP.PostProcessing/ConfigurePostProcessors'
[40m[32minfo[39m[22m[49m: Microsoft.AspNetCore.Hosting.Diagnostics[2]
      Request finished HTTP/2 POST http://ilpp/UnityILPP.PostProcessing/ConfigurePostProcessors application/grpc - - 200 - application/grpc 46.6315ms
DisplayProgressbar: Compiling Scripts
ExitCode: 0 Duration: 0s259ms
[462/601    0s] ILPP-Configuration Library/ilpp-configuration.nevergeneratedoutput
*** Tundra build success (0.21 seconds), 1 items updated, 601 evaluated
Total cache size 47557420
Total cache size after purge 47557420
AssetDatabase: script compilation time: 1.216800s
Begin MonoManager ReloadAssembly
- Loaded All Assemblies, in  0.870 seconds
Refreshing native plugins compatible for Editor in 2.29 ms, found 1 plugins.
Preloading 0 native plugins for Editor in 0.00 ms.
Refreshing native plugins compatible for Editor in 2.47 ms, found 1 plugins.
Native extension for LinuxStandalone target not found
Native extension for WebGL target not found
Mono: successfully reloaded assembly
- Finished resetting the current domain, in  3.504 seconds
Domain Reload Profiling: 4374ms
	BeginReloadAssembly (214ms)
		ExecutionOrderSort (0ms)
		DisableScriptedObjects (11ms)
		BackupInstance (0ms)
		ReleaseScriptingObjects (0ms)
		CreateAndSetChildDomain (55ms)
	RebuildCommonClasses (52ms)
	RebuildNativeTypeToScriptingClass (13ms)
	initialDomainReloadingComplete (47ms)
	LoadAllAssembliesAndSetupDomain (542ms)
		LoadAssemblies (356ms)
		RebuildTransferFunctionScriptingTraits (0ms)
		AnalyzeDomain (271ms)
			TypeCache.Refresh (225ms)
				TypeCache.ScanAssembly (210ms)
			ScanForSourceGeneratedMonoScriptInfo (34ms)
			ResolveRequiredComponents (9ms)
	FinalizeReload (3506ms)
		ReleaseScriptCaches (0ms)
		RebuildScriptCaches (0ms)
		SetupLoadedEditorAssemblies (3218ms)
			LogAssemblyErrors (0ms)
			InitializePlatformSupportModulesInManaged (12ms)
			SetLoadedEditorAssemblies (7ms)
			RefreshPlugins (0ms)
			BeforeProcessingInitializeOnLoad (116ms)
			ProcessInitializeOnLoadAttributes (2818ms)
			ProcessInitializeOnLoadMethodAttributes (254ms)
			AfterProcessingInitializeOnLoad (11ms)
			EditorAssembliesLoaded (1ms)
		ExecutionOrderSort2 (0ms)
		AwakeInstancesAfterBackupRestoration (15ms)
Asset Pipeline Refresh (id=eba7ff386dc541900b3e3d4ea233e8ea): Total: 7.339 seconds - Initiated by InitialRefreshV2(ForceSynchronousImport)
	Summary:
		Imports: total=2 (actual=0, local cache=2, cache server=0)
		Asset DB Process Time: managed=0 ms, native=1591 ms
		Asset DB Callback time: managed=19 ms, native=0 ms
		Scripting: domain reloads=1, domain reload time=4457 ms, compile time=1219 ms, other=51 ms
		Project Asset Count: scripts=4957, non-scripts=2184
		Asset File Changes: new=0, changed=0, moved=0, deleted=0
		Scan Filter Count: 1
	InvokeBeforeRefreshCallbacks: 0.207ms
	ApplyChangesToAssetFolders: 0.082ms
	Scan: 360.294ms
	OnSourceAssetsModified: 0.012ms
	GetAllGuidsForCategorization: 1.699ms
	CategorizeAssets: 216.518ms
	ImportOutOfDateAssets: 3559.829ms (2306.384ms without children)
		CompileScripts: 1219.444ms
		ReloadNativeAssets: 0.001ms
		UnloadImportedAssets: 28.332ms
		EnsureUptoDateAssetsAreRegisteredWithGuidPM: 3.205ms
		InitializingProgressBar: 0.001ms
		PostProcessAllAssetNotificationsAddChangedAssets: 0.001ms
		OnDemandSchedulerStart: 2.461ms
	PostProcessAllAssets: 19.762ms
	GatherAllCurrentPrimaryArtifactRevisions: 0.001ms
	UnloadStreamsBegin: 0.349ms
	PersistCurrentRevisions: 0.333ms
	UnloadStreamsEnd: 0.051ms
	GenerateScriptTypeHashes: 0.966ms
	Untracked: 3180.201ms
Application.AssetDatabase Initial Refresh End
Scanning for USB devices : 9.461ms
Initializing Unity extensions:
[Licensing::Client] Successfully resolved entitlement details
[Licensing::Module] Serial number assigned to: "F4-RRVG-6DEV-RBPW-DXAK-XXXX"
[Licensing::Module] Serial number assigned to: "11270254292853-UnityPersXXXX"
UpdateMenuTitleForLanguage: 10
[MODES] ModeService[none].Initialize
[MODES] ModeService[none].LoadModes
[MODES] Loading mode Default (0) for mode-current-id-Pokemon Luminary
[PhysX] Initialized MultithreadedTaskDispatcher with 4 workers.
ProgressiveSceneManager::Cancel()
Unloading 9 Unused Serialized files (Serialized files now loaded: 0)
Unloading 88 unused Assets / (0.5 MB). Loaded Objects now: 4565.
Memory consumption went from 115.9 MB to 115.3 MB.
Total: 8.451078 ms (FindLiveObjects: 0.457570 ms CreateObjectMapping: 0.161283 ms MarkObjects: 7.175853 ms  DeleteObjects: 0.653899 ms)

executeMethod class 'WebGlBuilder' could not be found.
Argument was -executeMethod WebGlBuilder.BuildGame
Curl error 42: Callback aborted
[PhysX] Initialized MultithreadedTaskDispatcher with 4 workers.
Input System module state changed to: ShutdownInProgress.
Input System polling thread exited.
Input System module state changed to: Shutdown.
[Licensing::IpcConnector] LicenseClient-keith-notifications channel disconnected successfully.
[Licensing::IpcConnector] LicenseClient-keith channel disconnected successfully.
[40m[32minfo[39m[22m[49m: Microsoft.Hosting.Lifetime[0]
      Application is shutting down...
[40m[32minfo[39m[22m[49m: Unity.ILPP.Runner.PostProcessingAssemblyLoadContext[0]
      ALC ILPP context 1 is unloading
Cleanup mono
12:32:12.704 |V| RiderPlugin                    | :1                             | AppDomain.CurrentDomain.DomainUnload lifetimeDefinition.Terminate
debugger-agent: Unable to listen on 48
[Performance] Application.InitializeProject                                                                                  :        1 samples, Peak.  9.46 s (1.0x), Avg.  9.46 s, Total. 9.464 s (56.6%)
[Performance] Application.PackageManager.StartServer                                                                         :        1 samples, Peak.  2.58 ms (1.0x), Avg.  2.58 ms, Total. 2.582 ms (0.0%)
[Performance] Application.AcquireProjectLock                                                                                 :        1 samples, Peak.  1.09 ms (1.0x), Avg.  1.09 ms, Total. 1.088 ms (0.0%)
[Performance] Application.InitializeEngineNoGraphics                                                                         :        1 samples, Peak.  96.9 ms (1.0x), Avg.  96.9 ms, Total. 96.86 ms (0.6%)
[Performance] Application.PackageManager.Initialize                                                                          :        1 samples, Peak.   361 ms (1.0x), Avg.   361 ms, Total. 360.5 ms (2.2%)
[Performance] Connecting to Package Manager                                                                                  :       37 samples, Peak.   153 us (23.4x), Avg.  6.57 us, Total. 243.1 us (0.0%)
[Performance] Application.EngineGraphics.Initialize                                                                          :        1 samples, Peak.  33.8 ms (1.0x), Avg.  33.8 ms, Total. 33.83 ms (0.2%)
[Performance] Application.GI.Initialize                                                                                      :        1 samples, Peak.  2.93 ms (1.0x), Avg.  2.93 ms, Total. 2.928 ms (0.0%)
[Performance] Application.LoadAllDefaultResourcesFromEditor                                                                  :        1 samples, Peak.  3.36 ms (1.0x), Avg.  3.36 ms, Total. 3.363 ms (0.0%)
[Performance] Application.LoadMonoAssemblies                                                                                 :        1 samples, Peak.   941 ms (1.0x), Avg.   941 ms, Total. 940.8 ms (5.6%)
[Performance] RestoreManagedReferences                                                                                       :        2 samples, Peak.  80.0 ms (2.0x), Avg.  40.0 ms, Total. 79.99 ms (0.5%)
[Performance] InitializeOnLoad AssetStoreContext                                                                             :        2 samples, Peak.  45.4 ms (1.1x), Avg.  41.2 ms, Total. 82.38 ms (0.5%)
[Performance] InitializeOnLoad DrivenRectTransformUndo                                                                       :        2 samples, Peak.   548 us (1.2x), Avg.   459 us, Total. 917.5 us (0.0%)
[Performance] InitializeOnLoad UISystemProfilerRenderService                                                                 :        2 samples, Peak.  14.3 us (1.0x), Avg.  14.1 us, Total. 28.20 us (0.0%)
[Performance] InitializeOnLoad SceneSearch                                                                                   :        2 samples, Peak.   220 us (1.1x), Avg.   209 us, Total. 417.5 us (0.0%)
[Performance] InitializeOnLoad NativeFormatImporterUtility                                                                   :        2 samples, Peak.  6.30 ms (1.3x), Avg.  4.78 ms, Total. 9.559 ms (0.1%)
[Performance] InitializeOnLoad ManagedDebuggerWindow                                                                         :        2 samples, Peak.  1.41 ms (1.1x), Avg.  1.28 ms, Total. 2.566 ms (0.0%)
[Performance] InitializeOnLoad SearchService                                                                                 :        2 samples, Peak.   290 us (1.2x), Avg.   241 us, Total. 481.1 us (0.0%)
[Performance] InitializeOnLoad WindowLayout                                                                                  :        2 samples, Peak.  1.52 ms (1.1x), Avg.  1.43 ms, Total. 2.858 ms (0.0%)
[Performance] InitializeOnLoad PoolManager                                                                                   :        2 samples, Peak.  1.21 ms (1.1x), Avg.  1.11 ms, Total. 2.213 ms (0.0%)
[Performance] InitializeOnLoad CloudBuild                                                                                    :        2 samples, Peak.  10.7 us (1.0x), Avg.  10.6 us, Total. 21.14 us (0.0%)
[Performance] InitializeOnLoad MixerEffectDefinitionReloader                                                                 :        2 samples, Peak.  5.77 ms (1.4x), Avg.  4.13 ms, Total. 8.255 ms (0.0%)
[Performance] InitializeOnLoad SettingsService                                                                               :        2 samples, Peak.  22.5 us (1.1x), Avg.  20.8 us, Total. 41.58 us (0.0%)
[Performance] InitializeOnLoad ProjectSearch                                                                                 :        2 samples, Peak.   101 us (1.0x), Avg.   100 us, Total. 200.7 us (0.0%)
[Performance] InitializeOnLoad CacheServerWindow                                                                             :        2 samples, Peak.  24.1 us (1.2x), Avg.  20.5 us, Total. 41.09 us (0.0%)
[Performance] InitializeOnLoad EditMode                                                                                      :        2 samples, Peak.   809 us (1.3x), Avg.   643 us, Total. 1.287 ms (0.0%)
[Performance] InitializeOnLoad UnityConnect                                                                                  :        2 samples, Peak.  95.8 us (1.1x), Avg.  89.1 us, Total. 178.1 us (0.0%)
[Performance] InitializeOnLoad ManagedDebugger                                                                               :        2 samples, Peak.  1.60 us (1.3x), Avg.  1.24 us, Total. 2.484 us (0.0%)
[Performance] InitializeOnLoad ShortcutIntegration                                                                           :        2 samples, Peak.   118 us (1.1x), Avg.   105 us, Total. 210.3 us (0.0%)
[Performance] InitializeOnLoad AddComponentWindow                                                                            :        2 samples, Peak.   347 us (1.3x), Avg.   268 us, Total. 536.8 us (0.0%)
[Performance] InitializeOnLoad PlayModeDownload                                                                              :        2 samples, Peak.  10.3 ms (1.9x), Avg.  5.35 ms, Total. 10.71 ms (0.1%)
[Performance] InitializeOnLoad MenuItems                                                                                     :        2 samples, Peak.   151 us (1.0x), Avg.   148 us, Total. 296.0 us (0.0%)
[Performance] InitializeOnLoad PrefabInstanceChangedListener                                                                 :        2 samples, Peak.   226 us (1.0x), Avg.   220 us, Total. 439.3 us (0.0%)
[Performance] InitializeOnLoad ObjectSelectorSearch                                                                          :        2 samples, Peak.   136 us (1.4x), Avg.  98.4 us, Total. 196.8 us (0.0%)
[Performance] InitializeOnLoad EditorMonitor                                                                                 :        2 samples, Peak.   959 us (1.2x), Avg.   805 us, Total. 1.610 ms (0.0%)
[Performance] InitializeOnLoad RetainedMode                                                                                  :        2 samples, Peak.  3.57 ms (1.1x), Avg.  3.39 ms, Total. 6.787 ms (0.0%)
[Performance] InitializeOnLoad EditorShaderLoader                                                                            :        2 samples, Peak.   935 us (1.0x), Avg.   910 us, Total. 1.820 ms (0.0%)
[Performance] InitializeOnLoad EditorDelegateRegistration                                                                    :        2 samples, Peak.   759 us (1.1x), Avg.   704 us, Total. 1.408 ms (0.0%)
[Performance] InitializeOnLoad UIDocumentHierarchyWatcher                                                                    :        2 samples, Peak.   125 us (1.1x), Avg.   116 us, Total. 232.3 us (0.0%)
[Performance] InitializeOnLoad LiveReloadTrackerCreator                                                                      :        2 samples, Peak.   378 us (1.3x), Avg.   281 us, Total. 561.2 us (0.0%)
[Performance] InitializeOnLoad UxmlObjectEditorFactories                                                                     :        2 samples, Peak.   866 us (1.3x), Avg.   685 us, Total. 1.370 ms (0.0%)
[Performance] InitializeOnLoad UXMLEditorFactories                                                                           :        2 samples, Peak.   115 ms (1.0x), Avg.   112 ms, Total. 224.8 ms (1.3%)
[Performance] InitializeOnLoad PurchasingService                                                                             :        2 samples, Peak.  13.6 ms (1.1x), Avg.  12.1 ms, Total. 24.26 ms (0.1%)
[Performance] InitializeOnLoad CloudBuildPoller                                                                              :        2 samples, Peak.   227 us (1.1x), Avg.   209 us, Total. 417.0 us (0.0%)
[Performance] InitializeOnLoad EditorGameServicesAnalytics                                                                   :        2 samples, Peak.  4.17 ms (1.6x), Avg.  2.59 ms, Total. 5.183 ms (0.0%)
[Performance] InitializeOnLoad AnalyticsService                                                                              :        2 samples, Peak.   469 us (1.3x), Avg.   363 us, Total. 726.2 us (0.0%)
[Performance] InitializeOnLoad BuildService                                                                                  :        2 samples, Peak.   410 us (1.2x), Avg.   329 us, Total. 657.1 us (0.0%)
[Performance] InitializeOnLoad AdsService                                                                                    :        2 samples, Peak.   989 us (1.3x), Avg.   771 us, Total. 1.542 ms (0.0%)
[Performance] InitializeOnLoad UDPService                                                                                    :        2 samples, Peak.   392 us (1.3x), Avg.   312 us, Total. 623.2 us (0.0%)
[Performance] InitializeOnLoad CrashService                                                                                  :        2 samples, Peak.   335 us (1.2x), Avg.   287 us, Total. 574.7 us (0.0%)
[Performance] InitializeOnLoad ServicesRepository                                                                            :        2 samples, Peak.   771 ns (1.2x), Avg.   641 ns, Total. 1.282 us (0.0%)
[Performance] InitializeOnLoad SearchWindow                                                                                  :        2 samples, Peak.   254 us (1.1x), Avg.   222 us, Total. 443.1 us (0.0%)
[Performance] InitializeOnLoad SearchMonitor                                                                                 :        2 samples, Peak.  4.51 ms (1.1x), Avg.  4.12 ms, Total. 8.236 ms (0.0%)
[Performance] InitializeOnLoad CustomIndexers                                                                                :        2 samples, Peak.  30.1 ms (1.1x), Avg.  26.3 ms, Total. 52.55 ms (0.3%)
[Performance] InitializeOnLoad ParameterControllerEditor                                                                     :        2 samples, Peak.  37.0 us (1.2x), Avg.  31.8 us, Total. 63.62 us (0.0%)
[Performance] InitializeOnLoad LayerSettingsWindow                                                                           :        2 samples, Peak.  43.7 us (1.7x), Avg.  25.3 us, Total. 50.69 us (0.0%)
[Performance] InitializeOnLoad PackageManagerHookGUIDConverter.RegisterPackagesEventHandler                                  :        2 samples, Peak.  1.13 ms (1.6x), Avg.   710 us, Total. 1.419 ms (0.0%)
[Performance] InitializeOnLoad EditorDragAndDrop.RegisterEditorClient                                                        :        2 samples, Peak.   484 us (1.3x), Avg.   378 us, Total. 755.2 us (0.0%)
[Performance] InitializeOnLoad EditorEventCallbacks.InitializeFontAssetResourceChangeCallBacks                               :        2 samples, Peak.  2.51 ms (1.1x), Avg.  2.21 ms, Total. 4.418 ms (0.0%)
[Performance] InitializeOnLoad SceneTemplateService.Init                                                                     :        2 samples, Peak.  2.33 ms (1.2x), Avg.  2.02 ms, Total. 4.039 ms (0.0%)
[Performance] InitializeOnLoad DiagnosticSwitchesConsoleMessage.Init                                                         :        2 samples, Peak.  6.90 ms (1.4x), Avg.  4.98 ms, Total. 9.959 ms (0.1%)
[Performance] InitializeOnLoad ToolShortcutContext.Init                                                                      :        2 samples, Peak.   630 us (1.4x), Avg.   456 us, Total. 912.5 us (0.0%)
[Performance] InitializeOnLoad ScopedRegistryAddedPopup.SubscribeToRegistriesAdded                                           :        2 samples, Peak.  44.0 ms (1.2x), Avg.  38.1 ms, Total. 76.19 ms (0.5%)
[Performance] InitializeOnLoad MemoryProfilerCompilationGuard.InjectCompileGuard                                             :        2 samples, Peak.   591 us (1.4x), Avg.   410 us, Total. 820.0 us (0.0%)
[Performance] InitializeOnLoad AssetPostprocessingInternal.RefreshCustomDependencies                                         :        2 samples, Peak.  9.37 ms (1.3x), Avg.  7.13 ms, Total. 14.26 ms (0.1%)
[Performance] InitializeOnLoad SysrootManager.Initialize                                                                     :        2 samples, Peak.  25.8 us (1.1x), Avg.  22.8 us, Total. 45.56 us (0.0%)
[Performance] InitializeOnLoad PackageManagerWindow.EditorInitializedInSafeMode                                              :        2 samples, Peak.   460 us (1.2x), Avg.   373 us, Total. 745.5 us (0.0%)
[Performance] InitializeOnLoad EditorWindow.Initialize                                                                       :        2 samples, Peak.  1.11 ms (1.5x), Avg.   728 us, Total. 1.456 ms (0.0%)
[Performance] InitializeOnLoad SceneVisibilityManager.Initialize                                                             :        2 samples, Peak.  10.9 ms (1.4x), Avg.  7.54 ms, Total. 15.07 ms (0.1%)
[Performance] AssemblyReloadEvents.afterAssemblyReload: UnityEditor.SceneTemplate.SceneTemplateService.AfterAssemblyReload   :        2 samples, Peak.  15.1 ms (1.9x), Avg.  7.84 ms, Total. 15.68 ms (0.1%)
[Performance] ProcessService.EditorAfterLoadAllAssemblies                                                                    :        2 samples, Peak.  1.83 ms (1.6x), Avg.  1.11 ms, Total. 2.228 ms (0.0%)
[Performance] Application.ReadLicenseInfo                                                                                    :        1 samples, Peak.  12.2 ms (1.0x), Avg.  12.2 ms, Total. 12.19 ms (0.1%)
[Performance] Application.InitialRefresh                                                                                     :        1 samples, Peak.  7.34 s (1.0x), Avg.  7.34 s, Total. 7.343 s (43.9%)
[Performance] Compiling Scripts                                                                                              :        1 samples, Peak.  1.22 s (1.0x), Avg.  1.22 s, Total. 1.217 s (7.3%)
[Performance] AssemblyReloadEvents.beforeAssemblyReload: UnityEditor.SceneTemplate.SceneTemplateService.BeforeAssemblyReload :        1 samples, Peak.   958 us (1.0x), Avg.   958 us, Total. 957.6 us (0.0%)
[Performance] InitializeOnLoad BurstLoader                                                                                   :        1 samples, Peak.  2.23 s (1.0x), Avg.  2.23 s, Total. 2.230 s (13.3%)
[Performance] InitializeOnLoad BackgroundWatcher                                                                             :        1 samples, Peak.   367 us (1.0x), Avg.   367 us, Total. 366.8 us (0.0%)
[Performance] InitializeOnLoad UnityTestProtocolStarter                                                                      :        1 samples, Peak.   439 us (1.0x), Avg.   439 us, Total. 439.2 us (0.0%)
[Performance] InitializeOnLoad TestStarter                                                                                   :        1 samples, Peak.  1.63 ms (1.0x), Avg.  1.63 ms, Total. 1.631 ms (0.0%)
[Performance] InitializeOnLoad RerunCallbackInitializer                                                                      :        1 samples, Peak.  16.3 ms (1.0x), Avg.  16.3 ms, Total. 16.29 ms (0.1%)
[Performance] InitializeOnLoad EditorToolManager                                                                             :        1 samples, Peak.  6.91 ms (1.0x), Avg.  6.91 ms, Total. 6.906 ms (0.0%)
[Performance] InitializeOnLoad VSUsageUtility                                                                                :        1 samples, Peak.  45.8 ms (1.0x), Avg.  45.8 ms, Total. 45.80 ms (0.3%)
[Performance] InitializeOnLoad VisualStudioEditor                                                                            :        1 samples, Peak.  15.7 ms (1.0x), Avg.  15.7 ms, Total. 15.70 ms (0.1%)
[Performance] InitializeOnLoad VisualStudioIntegration                                                                       :        1 samples, Peak.  1.09 ms (1.0x), Avg.  1.09 ms, Total. 1.085 ms (0.0%)
[Performance] InitializeOnLoad TestRunnerApiListener                                                                         :        1 samples, Peak.   134 us (1.0x), Avg.   134 us, Total. 134.4 us (0.0%)
[Performance] InitializeOnLoad PrefabLayoutRebuilder                                                                         :        1 samples, Peak.   374 us (1.0x), Avg.   374 us, Total. 374.4 us (0.0%)
[Performance] InitializeOnLoad SpriteSkinCompositeStartup                                                                    :        1 samples, Peak.  20.0 ms (1.0x), Avg.  20.0 ms, Total. 19.96 ms (0.1%)
[Performance] InitializeOnLoad RiderScriptEditor                                                                             :        1 samples, Peak.  64.7 ms (1.0x), Avg.  64.7 ms, Total. 64.70 ms (0.4%)
[Performance] InitializeOnLoad CallbackInitializer                                                                           :        1 samples, Peak.  3.16 ms (1.0x), Avg.  3.16 ms, Total. 3.158 ms (0.0%)
[Performance] InitializeOnLoad SpriteEditorWindow                                                                            :        1 samples, Peak.   640 us (1.0x), Avg.   640 us, Total. 639.7 us (0.0%)
[Performance] InitializeOnLoad PlasticPlugin                                                                                 :        1 samples, Peak.   165 ms (1.0x), Avg.   165 ms, Total. 164.9 ms (1.0%)
[Performance] InitializeOnLoad UnityAnalyticsStorage                                                                         :        1 samples, Peak.   856 us (1.0x), Avg.   856 us, Total. 856.0 us (0.0%)
[Performance] InitializeOnLoad BoneGizmoInitializer                                                                          :        1 samples, Peak.  8.01 ms (1.0x), Avg.  8.01 ms, Total. 8.010 ms (0.0%)
[Performance] InitializeOnLoad Analytics                                                                                     :        1 samples, Peak.   498 us (1.0x), Avg.   498 us, Total. 498.3 us (0.0%)
[Performance] InitializeOnLoad ToolbarBootstrap                                                                              :        1 samples, Peak.  12.7 ms (1.0x), Avg.  12.7 ms, Total. 12.73 ms (0.1%)
[Performance] InitializeOnLoad BackgroundImport                                                                              :        1 samples, Peak.   290 us (1.0x), Avg.   290 us, Total. 289.8 us (0.0%)
[Performance] InitializeOnLoad SceneDragAndDrop                                                                              :        1 samples, Peak.   341 us (1.0x), Avg.   341 us, Total. 341.0 us (0.0%)
[Performance] InitializeOnLoad SpriteShapeUpdateCache                                                                        :        1 samples, Peak.  1.18 ms (1.0x), Avg.  1.18 ms, Total. 1.180 ms (0.0%)
[Performance] InitializeOnLoad SpriteShapeUnityAnalyticsStorage                                                              :        1 samples, Peak.  45.4 us (1.0x), Avg.  45.4 us, Total. 45.41 us (0.0%)
[Performance] InitializeOnLoad IKEditorManager.CreateInstance                                                                :        1 samples, Peak.  6.18 ms (1.0x), Avg.  6.18 ms, Total. 6.181 ms (0.0%)
[Performance] InitializeOnLoad $BurstDirectCallInitializer.Initialize                                                        :        7 samples, Peak.  82.3 ms (4.8x), Avg.  17.2 ms, Total. 120.4 ms (0.7%)
[Performance] InitializeOnLoad TilemapPrefabStageHelper.Initialize                                                           :        1 samples, Peak.  11.6 ms (1.0x), Avg.  11.6 ms, Total. 11.60 ms (0.1%)
[Performance] InitializeOnLoad SceneViewGridManager.Initialize                                                               :        1 samples, Peak.  20.9 ms (1.0x), Avg.  20.9 ms, Total. 20.95 ms (0.1%)
[Performance] InitializeOnLoad SceneViewOpenTilePaletteHelper.Initialize                                                     :        1 samples, Peak.  8.58 ms (1.0x), Avg.  8.58 ms, Total. 8.585 ms (0.1%)
[Performance] InitializeOnLoad TileDragAndDropManager.Initialize                                                             :        1 samples, Peak.  10.2 ms (1.0x), Avg.  10.2 ms, Total. 10.15 ms (0.1%)
[Performance] InitializeOnLoad BackgroundImport.Setup                                                                        :        1 samples, Peak.  5.18 ms (1.0x), Avg.  5.18 ms, Total. 5.182 ms (0.0%)
[Performance] InitializeOnLoad TestJobDataHolder.ResumeRunningJobs                                                           :        1 samples, Peak.  4.28 ms (1.0x), Avg.  4.28 ms, Total. 4.276 ms (0.0%)
[Performance] InitializeOnLoad AnalyticsReporter.RegisterCallbacks                                                           :        1 samples, Peak.  3.32 ms (1.0x), Avg.  3.32 ms, Total. 3.319 ms (0.0%)
[Performance] InitializeOnLoad VisualStudioEditor.LegacyVisualStudioCodePackageDisabler                                      :        1 samples, Peak.   418 us (1.0x), Avg.   418 us, Total. 418.2 us (0.0%)
[Performance] DidReloadScriptsTestRunnerWindow.CompilationCallback                                                           :        1 samples, Peak.  1.54 ms (1.0x), Avg.  1.54 ms, Total. 1.539 ms (0.0%)
[Performance] DidReloadScriptsTestListCache.ScriptReloaded                                                                   :        1 samples, Peak.  7.81 ms (1.0x), Avg.  7.81 ms, Total. 7.811 ms (0.0%)
[Performance] DidReloadScriptsAdvancedDropdownWindow.OnScriptReload                                                          :        1 samples, Peak.   437 us (1.0x), Avg.   437 us, Total. 437.1 us (0.0%)
[Performance] AssemblyReloadEvents.afterAssemblyReload: UnityEditor.U2D.Animation.BoneGizmo.OnAfterAssemblyReload            :        1 samples, Peak.  1.65 ms (1.0x), Avg.  1.65 ms, Total. 1.647 ms (0.0%)
[Performance] SyncVS.PostprocessSyncProject                                                                                  :        1 samples, Peak.  3.32 ms (1.0x), Avg.  3.32 ms, Total. 3.315 ms (0.0%)
[Performance] Application.ImportPackagesAndSetTemplateWhenCreatingProject                                                    :        1 samples, Peak.  18.7 ms (1.0x), Avg.  18.7 ms, Total. 18.68 ms (0.1%)
[Performance] Application.SyncCurrentColorSpace                                                                              :        1 samples, Peak.  11.4 ms (1.0x), Avg.  11.4 ms, Total. 11.41 ms (0.1%)
[Performance] Application.OnUsbDevicesChanged                                                                                :        1 samples, Peak.  9.54 ms (1.0x), Avg.  9.54 ms, Total. 9.542 ms (0.1%)
[Performance] Application.AssetInstanceCacheUpdate                                                                           :        1 samples, Peak.   501 ns (1.0x), Avg.   501 ns, Total. 501.0 ns (0.0%)
[Performance] Application.UnityExtensions.Initialize                                                                         :        1 samples, Peak.  9.02 ms (1.0x), Avg.  9.02 ms, Total. 9.018 ms (0.1%)
[Performance] CodeEditorProjectSync.SyncEditorProject                                                                        :        1 samples, Peak.   166 ms (1.0x), Avg.   166 ms, Total. 166.4 ms (1.0%)
[Performance] Application.ExecuteStartups                                                                                    :        1 samples, Peak.  70.8 ms (1.0x), Avg.  70.8 ms, Total. 70.80 ms (0.4%)
[Performance] Menu.RegisterMenuInterface                                                                                     :       26 samples, Peak.  1.33 us (3.9x), Avg.   342 ns, Total. 8.898 us (0.0%)
[Performance] Gizmo.RebuildRenderers                                                                                         :        1 samples, Peak.  68.3 ms (1.0x), Avg.  68.3 ms, Total. 68.35 ms (0.4%)
[Performance] Gizmo.AddGizmoRenderers                                                                                        :       86 samples, Peak.  2.22 ms (48.4x), Avg.  45.8 us, Total. 3.940 ms (0.0%)
[Performance] Application.editorInitializingProject                                                                          :        1 samples, Peak.  14.5 ms (1.0x), Avg.  14.5 ms, Total. 14.51 ms (0.1%)
[Performance] Application.InitializeMenu                                                                                     :        1 samples, Peak.   178 ms (1.0x), Avg.   178 ms, Total. 177.8 ms (1.1%)
[Performance] Menu.RebuildAll                                                                                                :        1 samples, Peak.   178 ms (1.0x), Avg.   178 ms, Total. 177.8 ms (1.1%)
[Performance] Menu.BuildRegisteredMenuInterfaces                                                                             :        1 samples, Peak.   177 ms (1.0x), Avg.   177 ms, Total. 176.9 ms (1.1%)
[Performance] Menu.FilterMenuItem                                                                                            :      665 samples, Peak.   105 ms (659.6x), Avg.   159 us, Total. 105.4 ms (0.6%)
[Performance] UpdateAllMenus                                                                                                 :        1 samples, Peak.   738 us (1.0x), Avg.   738 us, Total. 738.0 us (0.0%)
[Performance] EditorSceneManager.sceneClosing: UnityEditor.SceneVisibilityManager.EditorSceneManagerOnSceneClosing           :        1 samples, Peak.   379 us (1.0x), Avg.   379 us, Total. 378.7 us (0.0%)
[Performance] GUIView.RepaintAll.PlayerLoopController                                                                        :        1 samples, Peak.   631 ns (1.0x), Avg.   631 ns, Total. 631.0 ns (0.0%)
[Performance] EditorSceneManager.newSceneCreated: UnityEditor.SceneTemplate.SceneTemplateService.OnNewSceneCreated           :        1 samples, Peak.   426 us (1.0x), Avg.   426 us, Total. 426.4 us (0.0%)
[Performance] EditorSceneManager.newSceneCreated: UnityEditor.SceneVisibilityManager.EditorSceneManagerOnNewSceneCreated     :        1 samples, Peak.   301 us (1.0x), Avg.   301 us, Total. 301.1 us (0.0%)
[Performance] EditorSceneManager.newSceneCreated: UnityEditor.SceneManagement.StageNavigationManager.OnNewSceneCreated       :        1 samples, Peak.  96.0 us (1.0x), Avg.  96.0 us, Total. 95.99 us (0.0%)
[Performance] Application.InvokeFinishedLoadingProject                                                                       :        1 samples, Peak.  18.7 ms (1.0x), Avg.  18.7 ms, Total. 18.67 ms (0.1%)
[Performance] ProcessService.OnProjectLoaded                                                                                 :        1 samples, Peak.   101 us (1.0x), Avg.   101 us, Total. 101.4 us (0.0%)
[Performance] VersionControl.Task.Wait                                                                                       :        1 samples, Peak.  21.1 us (1.0x), Avg.  21.1 us, Total. 21.12 us (0.0%)
[Performance] Application.Shutdown.SaveDefaultWindowPreferences                                                              :        1 samples, Peak.   215 us (1.0x), Avg.   215 us, Total. 215.3 us (0.0%)
[Performance] Application.Shutdown.SaveSceneManagerSetup                                                                     :        1 samples, Peak.   287 us (1.0x), Avg.   287 us, Total. 287.3 us (0.0%)
[Performance] Application.Shutdown.CleanupAllContainerWindows                                                                :        1 samples, Peak.   882 ns (1.0x), Avg.   882 ns, Total. 882.0 ns (0.0%)
[Performance] EditorApplication.quitting: Unity.Burst.Editor.BurstLoader.OnEditorApplicationQuitting                         :        1 samples, Peak.  54.4 us (1.0x), Avg.  54.4 us, Total. 54.40 us (0.0%)
[Performance] EditorApplication.quitting: UnityEditor.Tilemaps.SceneViewGridManager.EditorQuitting                           :        1 samples, Peak.   128 us (1.0x), Avg.   128 us, Total. 128.2 us (0.0%)
[Performance] EditorApplication.quitting: callback in UnityEditor.TextCore.Text.EditorEventCallbacks                         :        1 samples, Peak.  22.9 ms (1.0x), Avg.  22.9 ms, Total. 22.88 ms (0.1%)
[Performance] Application.Shutdown.PauseProfilerSession                                                                      :        1 samples, Peak.  35.0 us (1.0x), Avg.  35.0 us, Total. 35.02 us (0.0%)
[Performance] Application.Shutdown.PauseAssetImportWorkers                                                                   :        1 samples, Peak.   199 us (1.0x), Avg.   199 us, Total. 198.7 us (0.0%)
[Performance] Application.Shutdown.SaveAssets                                                                                :        1 samples, Peak.  15.6 ms (1.0x), Avg.  15.6 ms, Total. 15.55 ms (0.1%)
[Performance] PaletteAssetModificationProcessor.OnWillSaveAssets                                                             :        1 samples, Peak.  5.44 ms (1.0x), Avg.  5.44 ms, Total. 5.439 ms (0.0%)
[Performance] StateMacroSavedEvent.OnWillSaveAssets                                                                          :        1 samples, Peak.   222 us (1.0x), Avg.   222 us, Total. 222.4 us (0.0%)
[Performance] AssetModificationProcessor.OnWillSaveAssets                                                                    :        1 samples, Peak.   348 us (1.0x), Avg.   348 us, Total. 347.8 us (0.0%)
[Performance] UnityCloudProjectLinkMonitor.OnWillSaveAssets                                                                  :        1 samples, Peak.   347 us (1.0x), Avg.   347 us, Total. 346.5 us (0.0%)
[Performance] FlowMacroSavedEvent.OnWillSaveAssets                                                                           :        1 samples, Peak.   195 us (1.0x), Avg.   195 us, Total. 195.5 us (0.0%)
[Performance] BuilderAssetModificationProcessor.OnWillSaveAssets                                                             :        1 samples, Peak.   566 us (1.0x), Avg.   566 us, Total. 565.7 us (0.0%)
[Performance] TerrainModificationProcessor.OnWillSaveAssets                                                                  :        1 samples, Peak.   836 us (1.0x), Avg.   836 us, Total. 836.2 us (0.0%)
[Performance] AssetDatabase.ImportAssets                                                                                     :        2 samples, Peak.   651 ns (1.8x), Avg.   370 ns, Total. 741.0 ns (0.0%)
[Performance] Application.Shutdown.CleanupRenderPipeline                                                                     :        1 samples, Peak.  10.2 us (1.0x), Avg.  10.2 us, Total. 10.16 us (0.0%)
[Performance] Application.Shutdown.StopPreloadManager                                                                        :        1 samples, Peak.  10.1 ms (1.0x), Avg.  10.1 ms, Total. 10.10 ms (0.1%)
[Performance] Application.Shutdown.DestroyWorld                                                                              :        1 samples, Peak.   652 us (1.0x), Avg.   652 us, Total. 652.1 us (0.0%)
[Performance] Application.Shutdown.CleanupAfterLoad                                                                          :        1 samples, Peak.   150 ms (1.0x), Avg.   150 ms, Total. 150.2 ms (0.9%)
[Performance] Application.Shutdown.Progress                                                                                  :        1 samples, Peak.  15.1 us (1.0x), Avg.  15.1 us, Total. 15.15 us (0.0%)
[Performance] Application.Shutdown.GICleanupManagers                                                                         :        1 samples, Peak.   811 us (1.0x), Avg.   811 us, Total. 811.2 us (0.0%)
[Performance] Application.Shutdown.MenuCleanupClass                                                                          :        1 samples, Peak.   157 us (1.0x), Avg.   157 us, Total. 156.9 us (0.0%)
[Performance] Application.Shutdown.ADBSaveStateBeforeShutdown                                                                :        1 samples, Peak.  9.67 us (1.0x), Avg.  9.67 us, Total. 9.668 us (0.0%)
[Performance] Application.Shutdown.RemoteShutdown                                                                            :        1 samples, Peak.   841 ns (1.0x), Avg.   841 ns, Total. 841.0 ns (0.0%)
[Performance] Application.Shutdown.CleanupVCProvider                                                                         :        1 samples, Peak.  5.27 us (1.0x), Avg.  5.27 us, Total. 5.270 us (0.0%)
[Performance] Application.Shutdown.InputShutdown                                                                             :        1 samples, Peak.  1.22 us (1.0x), Avg.  1.22 us, Total. 1.222 us (0.0%)
[Performance] Application.Shutdown.GizmoManagerDestroy                                                                       :        1 samples, Peak.  1.22 ms (1.0x), Avg.  1.22 ms, Total. 1.218 ms (0.0%)
[Performance] Application.Shutdown.ProfilerSession                                                                           :        1 samples, Peak.   262 us (1.0x), Avg.   262 us, Total. 261.8 us (0.0%)
[Performance] Application.Shutdown.ReleaseGfxWindowOnAllGUIViews                                                             :        1 samples, Peak.   901 ns (1.0x), Avg.   901 ns, Total. 901.0 ns (0.0%)
[Performance] Application.Shutdown.CleanupEngine                                                                             :        1 samples, Peak.   128 ms (1.0x), Avg.   128 ms, Total. 128.1 ms (0.8%)
[Performance] Application.Shutdown.CleanupAssetDatabase                                                                      :        1 samples, Peak.  9.41 ms (1.0x), Avg.  9.41 ms, Total. 9.413 ms (0.1%)
[Performance] Application.Shutdown.ScriptCompilationCleanUp                                                                  :        1 samples, Peak.  2.17 s (1.0x), Avg.  2.17 s, Total. 2.173 s (13.0%)
[Performance] Application.Shutdown.DestroyJobSystem                                                                          :        1 samples, Peak.   289 us (1.0x), Avg.   289 us, Total. 289.2 us (0.0%)
[Performance] Application.Shutdown.CleanupPersistentManager                                                                  :        1 samples, Peak.  3.45 ms (1.0x), Avg.  3.45 ms, Total. 3.452 ms (0.0%)
[Performance] Application.Shutdown.CleanupAsyncReadManager                                                                   :        1 samples, Peak.   144 us (1.0x), Avg.   144 us, Total. 144.4 us (0.0%)
[Performance] Application.Shutdown.CleanupMono                                                                               :        1 samples, Peak.   252 ms (1.0x), Avg.   252 ms, Total. 251.8 ms (1.5%)
[Performance] Application.Shutdown.CleanupStdConverters                                                                      :        1 samples, Peak.  25.4 us (1.0x), Avg.  25.4 us, Total. 25.38 us (0.0%)
[Performance] Application.Shutdown.UnloadAllPlatformSupportModuleNativeDlls                                                  :        1 samples, Peak.   982 ns (1.0x), Avg.   982 ns, Total. 982.0 ns (0.0%)
[Performance] Application.Shutdown.UnloadAllPlatformSupportNativeLibraries                                                   :        1 samples, Peak.   381 ns (1.0x), Avg.   381 ns, Total. 381.0 ns (0.0%)
[Performance] Application.Shutdown.CleanupAutoDocumentation                                                                  :        1 samples, Peak.   464 us (1.0x), Avg.   464 us, Total. 464.0 us (0.0%)
[Performance] Application.Shutdown.ShaderNameManagerDestroy                                                                  :        1 samples, Peak.   104 us (1.0x), Avg.   104 us, Total. 104.3 us (0.0%)
[Performance] Application.Shutdown.CleanupCacheServer                                                                        :        1 samples, Peak.   441 ns (1.0x), Avg.   441 ns, Total. 441.0 ns (0.0%)
[Performance] Application.Shutdown.Virtualization_Shutdown                                                                   :        1 samples, Peak.   551 ns (1.0x), Avg.   551 ns, Total. 551.0 ns (0.0%)
[Performance] Application.Shutdown.DevConnections                                                                            :        1 samples, Peak.   124 us (1.0x), Avg.   124 us, Total. 123.6 us (0.0%)
